<?xml version="1.0" encoding="UTF-8"?>
<!-- Generated by org.testng.reporters.JUnitReportReporter -->
<testsuite hostname="DUBN34630627A" failures="0" tests="3" name="com.james.training.selenium_project.uielementspagetests.AlertsTests" time="35.524" errors="0" timestamp="09 Dec 2019 15:52:38 GMT" skipped="0">
  <testcase classname="com.james.training.selenium_project.uielementspagetests.AlertsTests" name="jsPromptTest" time="12.420"/>
  <testcase classname="com.james.training.selenium_project.uielementspagetests.AlertsTests" name="jsAlertTest" time="11.046"/>
  <testcase classname="com.james.training.selenium_project.uielementspagetests.AlertsTests" name="jsDismissTest" time="12.058"/>
</testsuite> <!-- com.james.training.selenium_project.uielementspagetests.AlertsTests -->
