<?xml version="1.0" encoding="UTF-8"?>
<!-- Generated by org.testng.reporters.JUnitReportReporter -->
<testsuite hostname="DUBN34630627A" failures="0" tests="1" name="com.james.training.selenium_project.uielementspagetests.FileUploaderTests" time="13.938" errors="0" timestamp="09 Dec 2019 20:32:44 GMT" skipped="0">
  <testcase classname="com.james.training.selenium_project.uielementspagetests.FileUploaderTests" name="fileUploaderTest" time="13.938"/>
</testsuite> <!-- com.james.training.selenium_project.uielementspagetests.FileUploaderTests -->
