<?xml version="1.0" encoding="UTF-8"?>
<!-- Generated by org.testng.reporters.JUnitReportReporter -->
<testsuite hostname="DUBN34630627A" failures="0" tests="4" name="com.james.training.selenium_project.uielementspagetests.FileUploaderTests" time="40.284" errors="0" timestamp="13 Dec 2019 17:10:03 GMT" skipped="0">
  <testcase classname="com.james.training.selenium_project.uielementspagetests.FileUploaderTests" name="fileUploaderTest" time="9.899"/>
  <testcase classname="com.james.training.selenium_project.uielementspagetests.FileUploaderTests" name="fileUploaderTest" time="10.837"/>
  <testcase classname="com.james.training.selenium_project.uielementspagetests.FileUploaderTests" name="fileUploaderTest" time="9.703"/>
  <testcase classname="com.james.training.selenium_project.uielementspagetests.FileUploaderTests" name="fileUploaderTest" time="9.845"/>
</testsuite> <!-- com.james.training.selenium_project.uielementspagetests.FileUploaderTests -->
