<?xml version="1.0" encoding="UTF-8"?>
<!-- Generated by org.testng.reporters.JUnitReportReporter -->
<testsuite hostname="DUBN34630627A" failures="0" tests="5" name="com.james.training.selenium_project.uielementspagetests.NegativeLoginTests" time="54.384" errors="0" timestamp="10 Dec 2019 20:02:45 GMT" skipped="0">
  <testcase classname="com.james.training.selenium_project.uielementspagetests.NegativeLoginTests" name="negativeLogInTest" time="10.528"/>
  <testcase classname="com.james.training.selenium_project.uielementspagetests.NegativeLoginTests" name="negativeLogInTest" time="10.656"/>
  <testcase classname="com.james.training.selenium_project.uielementspagetests.NegativeLoginTests" name="negativeLogInTest" time="12.242"/>
  <testcase classname="com.james.training.selenium_project.uielementspagetests.NegativeLoginTests" name="negativeLogInTest" time="10.329"/>
  <testcase classname="com.james.training.selenium_project.uielementspagetests.NegativeLoginTests" name="negativeLogInTest" time="10.629"/>
</testsuite> <!-- com.james.training.selenium_project.uielementspagetests.NegativeLoginTests -->
