<?xml version="1.0" encoding="UTF-8"?>
<!-- Generated by org.testng.reporters.JUnitReportReporter -->
<testsuite hostname="DUBN34630627A" failures="0" tests="2" name="com.james.training.selenium_project.uielementspagetests.KeyPressesTests" time="19.624" errors="0" timestamp="10 Dec 2019 18:39:02 GMT" skipped="0">
  <testcase classname="com.james.training.selenium_project.uielementspagetests.KeyPressesTests" name="pressKeyTest" time="9.812"/>
  <testcase classname="com.james.training.selenium_project.uielementspagetests.KeyPressesTests" name="pressKeyWithActionsTest" time="9.812"/>
</testsuite> <!-- com.james.training.selenium_project.uielementspagetests.KeyPressesTests -->
