<?xml version="1.0" encoding="UTF-8"?>
<!-- Generated by org.testng.reporters.JUnitReportReporter -->
<testsuite hostname="DUBN34630627A" failures="0" tests="5" name="com.james.training.selenium_project.uielementspagetests.PositiveLoginTest" time="53.489" errors="0" timestamp="13 Dec 2019 11:01:49 GMT" skipped="0">
  <testcase classname="com.james.training.selenium_project.uielementspagetests.PositiveLoginTest" name="positivelogInTest" time="11.270"/>
  <testcase classname="com.james.training.selenium_project.uielementspagetests.PositiveLoginTest" name="positivelogInTest" time="11.287"/>
  <testcase classname="com.james.training.selenium_project.uielementspagetests.PositiveLoginTest" name="positivelogInTest" time="10.298"/>
  <testcase classname="com.james.training.selenium_project.uielementspagetests.PositiveLoginTest" name="positivelogInTest" time="10.316"/>
  <testcase classname="com.james.training.selenium_project.uielementspagetests.PositiveLoginTest" name="positivelogInTest" time="10.318"/>
</testsuite> <!-- com.james.training.selenium_project.uielementspagetests.PositiveLoginTest -->
