<?xml version="1.0" encoding="UTF-8"?>
<!-- Generated by org.testng.reporters.JUnitReportReporter -->
<testsuite hostname="DUBN34630627A" failures="0" tests="1" name="com.james.training.selenium_project.uielementspagetests.DropdownTest" time="11.385" errors="0" timestamp="10 Dec 2019 14:10:08 GMT" skipped="0">
  <testcase classname="com.james.training.selenium_project.uielementspagetests.DropdownTest" name="optionTwoTest" time="11.385"/>
</testsuite> <!-- com.james.training.selenium_project.uielementspagetests.DropdownTest -->
