<?xml version="1.0" encoding="UTF-8"?>
<!-- Generated by org.testng.reporters.JUnitReportReporter -->
<testsuite hostname="DUBN34630627A" failures="0" tests="10" name="com.james.training.selenium_project.uielementspagetests.PositiveLoginTest" time="259.709" errors="0" timestamp="23 Jan 2020 10:16:05 GMT" skipped="0">
  <testcase classname="com.james.training.selenium_project.uielementspagetests.PositiveLoginTest" name="positivelogInDBTest" time="25.747"/>
  <testcase classname="com.james.training.selenium_project.uielementspagetests.PositiveLoginTest" name="positivelogInDBTest" time="28.618"/>
  <testcase classname="com.james.training.selenium_project.uielementspagetests.PositiveLoginTest" name="positivelogInDBTest" time="27.979"/>
  <testcase classname="com.james.training.selenium_project.uielementspagetests.PositiveLoginTest" name="positivelogInDBTest" time="20.742"/>
  <testcase classname="com.james.training.selenium_project.uielementspagetests.PositiveLoginTest" name="positivelogInDBTest" time="28.749"/>
  <testcase classname="com.james.training.selenium_project.uielementspagetests.PositiveLoginTest" name="positivelogInDBTest" time="23.753"/>
  <testcase classname="com.james.training.selenium_project.uielementspagetests.PositiveLoginTest" name="positivelogInDBTest" time="22.718"/>
  <testcase classname="com.james.training.selenium_project.uielementspagetests.PositiveLoginTest" name="positivelogInDBTest" time="28.677"/>
  <testcase classname="com.james.training.selenium_project.uielementspagetests.PositiveLoginTest" name="positivelogInDBTest" time="25.151"/>
  <testcase classname="com.james.training.selenium_project.uielementspagetests.PositiveLoginTest" name="positivelogInDBTest" time="27.575"/>
</testsuite> <!-- com.james.training.selenium_project.uielementspagetests.PositiveLoginTest -->
