<?xml version="1.0" encoding="UTF-8"?>
<!-- Generated by org.testng.reporters.JUnitReportReporter -->
<testsuite hostname="DUBN34630627A" failures="0" tests="1" name="com.james.training.selenium_project.uielementspagetests.DropdownTest" time="10.243" errors="0" timestamp="13 Dec 2019 17:20:21 GMT" skipped="0">
  <testcase classname="com.james.training.selenium_project.uielementspagetests.DropdownTest" name="optionTwoTest" time="10.243"/>
</testsuite> <!-- com.james.training.selenium_project.uielementspagetests.DropdownTest -->
