<?xml version="1.0" encoding="UTF-8"?>
<!-- Generated by org.testng.reporters.JUnitReportReporter -->
<testsuite hostname="DUBN34630627A" failures="0" tests="1" name="com.james.training.selenium_project.AppTest" time="7.226" errors="0" timestamp="05 Dec 2019 10:53:34 GMT" skipped="0">
  <testcase classname="com.james.training.selenium_project.AppTest" name="logInTest" time="7.226"/>
</testsuite> <!-- com.james.training.selenium_project.AppTest -->
