<?xml version="1.0" encoding="UTF-8"?>
<!-- Generated by org.testng.reporters.JUnitReportReporter -->
<testsuite hostname="DUBN34630627A" failures="0" tests="3" name="com.james.training.selenium_project.uielementspagetests.AlertsTests" time="37.474" errors="0" timestamp="10 Dec 2019 18:44:54 GMT" skipped="0">
  <testcase classname="com.james.training.selenium_project.uielementspagetests.AlertsTests" name="jsDismissTest" time="12.373"/>
  <testcase classname="com.james.training.selenium_project.uielementspagetests.AlertsTests" name="jsPromptTest" time="12.982"/>
  <testcase classname="com.james.training.selenium_project.uielementspagetests.AlertsTests" name="jsAlertTest" time="12.119"/>
</testsuite> <!-- com.james.training.selenium_project.uielementspagetests.AlertsTests -->
