<?xml version="1.0" encoding="UTF-8"?>
<!-- Generated by org.testng.reporters.JUnitReportReporter -->
<testsuite hostname="DUBN34630627A" failures="0" tests="1" name="com.james.training.selenium_project.uielementspagetests.TextEditoriFrameTests" time="19.077" errors="0" timestamp="09 Dec 2019 18:46:07 GMT" skipped="0">
  <testcase classname="com.james.training.selenium_project.uielementspagetests.TextEditoriFrameTests" name="textEditorIFrameTest" time="19.077"/>
</testsuite> <!-- com.james.training.selenium_project.uielementspagetests.TextEditoriFrameTests -->
