<?xml version="1.0" encoding="UTF-8"?>
<!-- Generated by org.testng.reporters.JUnitReportReporter -->
<testsuite hostname="DUBN34630627A" failures="0" tests="1" name="com.james.training.selenium_project.uielementspagetests.MultipleWindowsTests" time="13.395" errors="0" timestamp="10 Dec 2019 18:39:02 GMT" skipped="0">
  <testcase classname="com.james.training.selenium_project.uielementspagetests.MultipleWindowsTests" name="newWindowTest" time="13.395"/>
</testsuite> <!-- com.james.training.selenium_project.uielementspagetests.MultipleWindowsTests -->
