<?xml version="1.0" encoding="UTF-8"?>
<!-- Generated by org.testng.reporters.JUnitReportReporter -->
<testsuite hostname="DUBN34630627A" failures="0" tests="1" name="com.james.training.selenium_project.uielementspagetests.MultipleWindowsTests" time="12.725" errors="0" timestamp="09 Dec 2019 15:17:50 GMT" skipped="0">
  <testcase classname="com.james.training.selenium_project.uielementspagetests.MultipleWindowsTests" name="newWindowTest" time="12.725"/>
</testsuite> <!-- com.james.training.selenium_project.uielementspagetests.MultipleWindowsTests -->
