<?xml version="1.0" encoding="UTF-8"?>
<!-- Generated by org.testng.reporters.JUnitReportReporter -->
<testsuite hostname="DUBN34630627A" failures="0" tests="1" name="com.james.training.selenium_project.uielementspagetests.HoverOverTests" time="12.082" errors="0" timestamp="10 Dec 2019 11:25:03 GMT" skipped="0">
  <testcase classname="com.james.training.selenium_project.uielementspagetests.HoverOverTests" name="user2ProfileTest" time="12.082"/>
</testsuite> <!-- com.james.training.selenium_project.uielementspagetests.HoverOverTests -->
