<?xml version="1.0" encoding="UTF-8"?>
<!-- Generated by org.testng.reporters.JUnitReportReporter -->
<testsuite hostname="DUBN34630627A" failures="0" tests="1" name="com.james.training.selenium_project.checkboxespagetests.CheckboxesTests" time="10.390" errors="0" timestamp="05 Dec 2019 21:31:11 GMT" skipped="0">
  <testcase classname="com.james.training.selenium_project.checkboxespagetests.CheckboxesTests" name="selectingTwoCheckboxesTest" time="10.390"/>
</testsuite> <!-- com.james.training.selenium_project.checkboxespagetests.CheckboxesTests -->
