<?xml version="1.0" encoding="UTF-8"?>
<!-- Generated by org.testng.reporters.JUnitReportReporter -->
<testsuite hostname="DUBN34630627A" failures="0" tests="4" name="com.james.training.selenium_project.uielementspagetests.FileUploaderTests" time="48.184" errors="0" timestamp="10 Dec 2019 16:22:38 GMT" skipped="0">
  <testcase classname="com.james.training.selenium_project.uielementspagetests.FileUploaderTests" name="fileUploaderTest" time="13.039"/>
  <testcase classname="com.james.training.selenium_project.uielementspagetests.FileUploaderTests" name="fileUploaderTest" time="10.760"/>
  <testcase classname="com.james.training.selenium_project.uielementspagetests.FileUploaderTests" name="fileUploaderTest" time="10.572"/>
  <testcase classname="com.james.training.selenium_project.uielementspagetests.FileUploaderTests" name="fileUploaderTest" time="13.813"/>
</testsuite> <!-- com.james.training.selenium_project.uielementspagetests.FileUploaderTests -->
