<?xml version="1.0" encoding="UTF-8"?>
<!-- Generated by org.testng.reporters.JUnitReportReporter -->
<testsuite hostname="DUBN34630627A" failures="0" tests="5" name="com.james.training.selenium_project.uielementspagetests.NegativeLoginTests" time="51.087" errors="0" timestamp="12 Dec 2019 12:00:00 GMT" skipped="0">
  <testcase classname="com.james.training.selenium_project.uielementspagetests.NegativeLoginTests" name="negativeLogInTest" time="9.994"/>
  <testcase classname="com.james.training.selenium_project.uielementspagetests.NegativeLoginTests" name="negativeLogInTest" time="10.060"/>
  <testcase classname="com.james.training.selenium_project.uielementspagetests.NegativeLoginTests" name="negativeLogInTest" time="9.998"/>
  <testcase classname="com.james.training.selenium_project.uielementspagetests.NegativeLoginTests" name="negativeLogInTest" time="11.294"/>
  <testcase classname="com.james.training.selenium_project.uielementspagetests.NegativeLoginTests" name="negativeLogInTest" time="9.741"/>
</testsuite> <!-- com.james.training.selenium_project.uielementspagetests.NegativeLoginTests -->
