<?xml version="1.0" encoding="UTF-8"?>
<!-- Generated by org.testng.reporters.JUnitReportReporter -->
<testsuite hostname="DUBN34630627A" failures="0" tests="4" name="com.james.training.selenium_project.uielementspagetests.FileUploaderTests" time="44.369" errors="0" timestamp="10 Dec 2019 18:44:54 GMT" skipped="0">
  <testcase classname="com.james.training.selenium_project.uielementspagetests.FileUploaderTests" name="fileUploaderTest" time="10.750"/>
  <testcase classname="com.james.training.selenium_project.uielementspagetests.FileUploaderTests" name="fileUploaderTest" time="12.678"/>
  <testcase classname="com.james.training.selenium_project.uielementspagetests.FileUploaderTests" name="fileUploaderTest" time="10.345"/>
  <testcase classname="com.james.training.selenium_project.uielementspagetests.FileUploaderTests" name="fileUploaderTest" time="10.596"/>
</testsuite> <!-- com.james.training.selenium_project.uielementspagetests.FileUploaderTests -->
