<?xml version="1.0" encoding="UTF-8"?>
<!-- Generated by org.testng.reporters.JUnitReportReporter -->
<testsuite hostname="DUBN34630627A" failures="0" tests="2" name="com.james.training.selenium_project.uielementspagetests.KeyPressesTests" time="24.488" errors="0" timestamp="09 Dec 2019 19:21:23 GMT" skipped="0">
  <testcase classname="com.james.training.selenium_project.uielementspagetests.KeyPressesTests" name="pressKeyTest" time="12.657"/>
  <testcase classname="com.james.training.selenium_project.uielementspagetests.KeyPressesTests" name="pressKeyWithActionsTest" time="11.831"/>
</testsuite> <!-- com.james.training.selenium_project.uielementspagetests.KeyPressesTests -->
