<?xml version="1.0" encoding="UTF-8"?>
<!-- Generated by org.testng.reporters.JUnitReportReporter -->
<testsuite hostname="DUBN34630627A" failures="0" tests="5" name="com.james.training.selenium_project.uielementspagetests.PositiveLoginTest" time="55.637" errors="0" timestamp="10 Dec 2019 20:16:15 GMT" skipped="0">
  <testcase classname="com.james.training.selenium_project.uielementspagetests.PositiveLoginTest" name="positivelogInTest" time="10.575"/>
  <testcase classname="com.james.training.selenium_project.uielementspagetests.PositiveLoginTest" name="positivelogInTest" time="11.324"/>
  <testcase classname="com.james.training.selenium_project.uielementspagetests.PositiveLoginTest" name="positivelogInTest" time="12.414"/>
  <testcase classname="com.james.training.selenium_project.uielementspagetests.PositiveLoginTest" name="positivelogInTest" time="10.814"/>
  <testcase classname="com.james.training.selenium_project.uielementspagetests.PositiveLoginTest" name="positivelogInTest" time="10.510"/>
</testsuite> <!-- com.james.training.selenium_project.uielementspagetests.PositiveLoginTest -->
