<?xml version="1.0" encoding="UTF-8"?>
<!-- Generated by org.testng.reporters.JUnitReportReporter -->
<testsuite hostname="DUBN34630627A" failures="0" tests="2" name="com.james.training.selenium_project.uielementspagetests.DragAndDropTests" time="23.228" errors="0" timestamp="25 Feb 2020 14:36:26 GMT" skipped="0">
  <testcase classname="com.james.training.selenium_project.uielementspagetests.DragAndDropTests" name="dragBtoATest" time="11.289"/>
  <testcase classname="com.james.training.selenium_project.uielementspagetests.DragAndDropTests" name="dragBtoATest" time="11.939"/>
</testsuite> <!-- com.james.training.selenium_project.uielementspagetests.DragAndDropTests -->
