<?xml version="1.0" encoding="UTF-8"?>
<!-- Generated by org.testng.reporters.JUnitReportReporter -->
<testsuite hostname="DUBN34630627A" failures="0" tests="1" name="com.james.training.selenium_project.uielementspagetests.CheckboxesTests" time="10.247" errors="0" timestamp="09 Dec 2019 16:05:11 GMT" skipped="0">
  <testcase classname="com.james.training.selenium_project.uielementspagetests.CheckboxesTests" name="selectingTwoCheckboxesTest" time="10.247"/>
</testsuite> <!-- com.james.training.selenium_project.uielementspagetests.CheckboxesTests -->
