<?xml version="1.0" encoding="UTF-8"?>
<!-- Generated by org.testng.reporters.JUnitReportReporter -->
<testsuite hostname="DUBN34630627A" failures="0" tests="5" name="com.james.training.selenium_project.uielementspagetests.PositiveLoginTest" time="55.028" errors="0" timestamp="06 Jan 2020 17:36:20 GMT" skipped="0">
  <testcase classname="com.james.training.selenium_project.uielementspagetests.PositiveLoginTest" name="positivelogInTest" time="10.694"/>
  <testcase classname="com.james.training.selenium_project.uielementspagetests.PositiveLoginTest" name="positivelogInTest" time="10.888"/>
  <testcase classname="com.james.training.selenium_project.uielementspagetests.PositiveLoginTest" name="positivelogInTest" time="11.212"/>
  <testcase classname="com.james.training.selenium_project.uielementspagetests.PositiveLoginTest" name="positivelogInTest" time="11.096"/>
  <testcase classname="com.james.training.selenium_project.uielementspagetests.PositiveLoginTest" name="positivelogInTest" time="11.138"/>
</testsuite> <!-- com.james.training.selenium_project.uielementspagetests.PositiveLoginTest -->
