<?xml version="1.0" encoding="UTF-8"?>
<!-- Generated by org.testng.reporters.JUnitReportReporter -->
<testsuite hostname="DUBN34630627A" failures="0" tests="2" name="com.james.training.selenium_project.RestAPITest" time="0.014" errors="0" timestamp="25 Nov 2019 18:18:28 GMT" skipped="0">
  <testcase classname="com.james.training.selenium_project.RestAPITest" name="openBrowser" time="0.013"/>
  <testcase classname="com.james.training.selenium_project.RestAPITest" name="openBrowser2" time="0.001"/>
</testsuite> <!-- com.james.training.selenium_project.RestAPITest -->
