<?xml version="1.0" encoding="UTF-8"?>
<!-- Generated by org.testng.reporters.JUnitReportReporter -->
<testsuite hostname="DUBN34630627A" failures="0" tests="1" name="com.james.training.selenium_project.loginpagetests.PositiveLoginTest" time="17.169" errors="0" timestamp="07 Dec 2019 16:33:35 GMT" skipped="0">
  <testcase classname="com.james.training.selenium_project.loginpagetests.PositiveLoginTest" name="positivelogInTest" time="17.169"/>
</testsuite> <!-- com.james.training.selenium_project.loginpagetests.PositiveLoginTest -->
