<?xml version="1.0" encoding="UTF-8"?>
<!-- Generated by org.testng.reporters.JUnitReportReporter -->
<testsuite hostname="DUBN34630627A" failures="0" tests="3" name="com.james.training.selenium_project.uielementspagetests.AlertsTests" time="37.875" errors="0" timestamp="13 Dec 2019 17:38:23 GMT" skipped="0">
  <testcase classname="com.james.training.selenium_project.uielementspagetests.AlertsTests" name="jsDismissTest" time="12.840"/>
  <testcase classname="com.james.training.selenium_project.uielementspagetests.AlertsTests" name="jsPromptTest" time="13.059"/>
  <testcase classname="com.james.training.selenium_project.uielementspagetests.AlertsTests" name="jsAlertTest" time="11.976"/>
</testsuite> <!-- com.james.training.selenium_project.uielementspagetests.AlertsTests -->
