<?xml version="1.0" encoding="UTF-8"?>
<!-- Generated by org.testng.reporters.JUnitReportReporter -->
<testsuite hostname="DUBN34630627A" failures="0" tests="1" name="com.james.training.selenium_project.uielementspagetests.CheckboxesTests" time="10.994" errors="0" timestamp="06 Dec 2019 15:06:55 GMT" skipped="0">
  <testcase classname="com.james.training.selenium_project.uielementspagetests.CheckboxesTests" name="selectingTwoCheckboxesTest" time="10.994"/>
</testsuite> <!-- com.james.training.selenium_project.uielementspagetests.CheckboxesTests -->
