<?xml version="1.0" encoding="UTF-8"?>
<!-- Generated by org.testng.reporters.JUnitReportReporter -->
<testsuite hostname="DUBN34630627A" failures="0" tests="4" name="com.james.training.selenium_project.loginpagetests.NegativeLoginTests" time="56.782" errors="0" timestamp="07 Dec 2019 18:46:58 GMT" skipped="0">
  <testcase classname="com.james.training.selenium_project.loginpagetests.NegativeLoginTests" name="negativeUsernameTest" time="15.128"/>
  <testcase classname="com.james.training.selenium_project.loginpagetests.NegativeLoginTests" name="negativeUsernameTest_FF" time="14.135"/>
  <testcase classname="com.james.training.selenium_project.loginpagetests.NegativeLoginTests" name="negativeUsernameTest" time="13.666"/>
  <testcase classname="com.james.training.selenium_project.loginpagetests.NegativeLoginTests" name="negativeUsernameTest_FF" time="13.853"/>
</testsuite> <!-- com.james.training.selenium_project.loginpagetests.NegativeLoginTests -->
