<?xml version="1.0" encoding="UTF-8"?>
<!-- Generated by org.testng.reporters.JUnitReportReporter -->
<testsuite hostname="DUBN34630627A" failures="0" tests="2" name="com.james.training.selenium_project.NegativeLoginTests" time="33.028" errors="0" timestamp="05 Dec 2019 20:07:15 GMT" skipped="0">
  <testcase classname="com.james.training.selenium_project.NegativeLoginTests" name="negativeUsernameTest_FF" time="16.963"/>
  <testcase classname="com.james.training.selenium_project.NegativeLoginTests" name="negativeUsernameTest" time="16.065"/>
</testsuite> <!-- com.james.training.selenium_project.NegativeLoginTests -->
