<?xml version="1.0" encoding="UTF-8"?>
<!-- Generated by org.testng.reporters.JUnitReportReporter -->
<testsuite hostname="DUBN34630627A" failures="0" tests="1" name="com.james.training.selenium_project.PositiveTest" time="6.975" errors="0" timestamp="05 Dec 2019 11:21:35 GMT" skipped="0">
  <testcase classname="com.james.training.selenium_project.PositiveTest" name="logInTest" time="6.975"/>
</testsuite> <!-- com.james.training.selenium_project.PositiveTest -->
