<?xml version="1.0" encoding="UTF-8"?>
<!-- Generated by org.testng.reporters.JUnitReportReporter -->
<testsuite hostname="DUBN34630627A" failures="0" tests="10" name="com.james.training.selenium_project.uielementspagetests.PositiveLoginTest" time="265.144" errors="0" timestamp="21 Jan 2020 17:50:46 GMT" skipped="0">
  <testcase classname="com.james.training.selenium_project.uielementspagetests.PositiveLoginTest" name="positivelogInDBTest" time="31.053"/>
  <testcase classname="com.james.training.selenium_project.uielementspagetests.PositiveLoginTest" name="positivelogInDBTest" time="23.328"/>
  <testcase classname="com.james.training.selenium_project.uielementspagetests.PositiveLoginTest" name="positivelogInDBTest" time="22.772"/>
  <testcase classname="com.james.training.selenium_project.uielementspagetests.PositiveLoginTest" name="positivelogInDBTest" time="22.840"/>
  <testcase classname="com.james.training.selenium_project.uielementspagetests.PositiveLoginTest" name="positivelogInDBTest" time="22.037"/>
  <testcase classname="com.james.training.selenium_project.uielementspagetests.PositiveLoginTest" name="positivelogInDBTest" time="21.434"/>
  <testcase classname="com.james.training.selenium_project.uielementspagetests.PositiveLoginTest" name="positivelogInDBTest" time="29.754"/>
  <testcase classname="com.james.training.selenium_project.uielementspagetests.PositiveLoginTest" name="positivelogInDBTest" time="29.953"/>
  <testcase classname="com.james.training.selenium_project.uielementspagetests.PositiveLoginTest" name="positivelogInDBTest" time="29.828"/>
  <testcase classname="com.james.training.selenium_project.uielementspagetests.PositiveLoginTest" name="positivelogInDBTest" time="32.145"/>
</testsuite> <!-- com.james.training.selenium_project.uielementspagetests.PositiveLoginTest -->
