<?xml version="1.0" encoding="UTF-8"?>
<!-- Generated by org.testng.reporters.JUnitReportReporter -->
<testsuite hostname="DUBN34630627A" failures="0" tests="2" name="com.james.training.selenium_project.uielementspagetests.DragAndDropTests" time="23.450" errors="0" timestamp="10 Dec 2019 18:39:02 GMT" skipped="0">
  <testcase classname="com.james.training.selenium_project.uielementspagetests.DragAndDropTests" name="dragBtoATest" time="13.651"/>
  <testcase classname="com.james.training.selenium_project.uielementspagetests.DragAndDropTests" name="dragBtoATest" time="9.799"/>
</testsuite> <!-- com.james.training.selenium_project.uielementspagetests.DragAndDropTests -->
