<?xml version="1.0" encoding="UTF-8"?>
<!-- Generated by org.testng.reporters.JUnitReportReporter -->
<testsuite ignored="0" hostname="DUBN34630627A" failures="0" tests="2" name="com.paralleltest.SignInPageTest" time="56.280" errors="0" timestamp="21 Jan 2020 17:45:29 GMT" skipped="0">
  <testcase classname="com.paralleltest.SignInPageTest" name="loginTestDBData" time="26.699"/>
  <testcase classname="com.paralleltest.SignInPageTest" name="loginTestDBData" time="29.581"/>
</testsuite> <!-- com.paralleltest.SignInPageTest -->
