<?xml version="1.0" encoding="UTF-8"?>
<!-- Generated by org.testng.reporters.JUnitReportReporter -->
<testsuite ignored="0" hostname="DUBN34630627A" failures="0" tests="2" name="com.paralleltest.SignInPageTest" time="61.783" errors="0" timestamp="25 Feb 2020 14:49:08 GMT" skipped="0">
  <testcase classname="com.paralleltest.SignInPageTest" name="loginTestDBData" time="29.922"/>
  <testcase classname="com.paralleltest.SignInPageTest" name="loginTestDBData" time="31.861"/>
</testsuite> <!-- com.paralleltest.SignInPageTest -->
