<?xml version="1.0" encoding="UTF-8"?>
<!-- Generated by org.testng.reporters.JUnitReportReporter -->
<testsuite hostname="DUBN34630627A" failures="0" tests="1" name="com.paralleltest.SignInPageTest" time="16.038" errors="0" timestamp="10 Jan 2020 18:43:38 GMT" skipped="0">
  <testcase classname="com.paralleltest.SignInPageTest" name="ariba" time="16.038"/>
</testsuite> <!-- com.paralleltest.SignInPageTest -->
