<?xml version="1.0" encoding="UTF-8"?>
<!-- Generated by org.testng.reporters.JUnitReportReporter -->
<testsuite ignored="0" hostname="DUBN34630627A" failures="0" tests="2" name="com.paralleltest.SignInPageTest" time="60.184" errors="0" timestamp="24 Jan 2020 10:10:38 GMT" skipped="0">
  <testcase classname="com.paralleltest.SignInPageTest" name="loginTestDBData" time="30.108"/>
  <testcase classname="com.paralleltest.SignInPageTest" name="loginTestDBData" time="30.076"/>
</testsuite> <!-- com.paralleltest.SignInPageTest -->
