<?xml version="1.0" encoding="UTF-8"?>
<!-- Generated by org.testng.reporters.JUnitReportReporter -->
<testsuite hostname="DUBN34630627A" failures="0" tests="1" name="com.paralleltest.SignInPageTest" time="0.000" errors="0" timestamp="16 Jan 2020 12:22:58 GMT" skipped="1">
  <testcase classname="com.paralleltest.SignInPageTest" name="loginTestDBData" time="0.000">
    <skipped/>
  </testcase> <!-- loginTestDBData -->
</testsuite> <!-- com.paralleltest.SignInPageTest -->
