<?xml version="1.0" encoding="UTF-8"?>
<!-- Generated by org.testng.reporters.JUnitReportReporter -->
<testsuite ignored="0" hostname="DUBN34630627A" failures="0" tests="2" name="com.paralleltest.SignInPageTest" time="62.749" errors="0" timestamp="23 Jan 2020 10:17:28 GMT" skipped="0">
  <testcase classname="com.paralleltest.SignInPageTest" name="loginTestDBData" time="31.919"/>
  <testcase classname="com.paralleltest.SignInPageTest" name="loginTestDBData" time="30.830"/>
</testsuite> <!-- com.paralleltest.SignInPageTest -->
