<?xml version="1.0" encoding="UTF-8"?>
<!-- Generated by org.testng.reporters.JUnitReportReporter -->
<testsuite ignored="0" hostname="DUBN34630627A" failures="0" tests="2" name="com.paralleltest.SignInPageTest" time="68.775" errors="0" timestamp="30 Jan 2020 16:09:34 GMT" skipped="0">
  <testcase classname="com.paralleltest.SignInPageTest" name="loginTestDBData" time="34.825"/>
  <testcase classname="com.paralleltest.SignInPageTest" name="loginTestDBData" time="33.950"/>
</testsuite> <!-- com.paralleltest.SignInPageTest -->
