<?xml version="1.0" encoding="UTF-8"?>
<!-- Generated by org.testng.reporters.JUnitReportReporter -->
<testsuite hostname="DUBN34630627A" failures="0" tests="2" name="com.paralleltest.SignInPageTest" time="52.138" errors="0" timestamp="15 Jan 2020 18:02:32 GMT" skipped="0">
  <testcase classname="com.paralleltest.SignInPageTest" name="loginTestDBData" time="26.271"/>
  <testcase classname="com.paralleltest.SignInPageTest" name="loginTestDBData" time="25.867"/>
</testsuite> <!-- com.paralleltest.SignInPageTest -->
