<?xml version="1.0" encoding="UTF-8"?>
<!-- Generated by org.testng.reporters.JUnitReportReporter -->
<testsuite hostname="DUBN34630627A" failures="0" tests="4" name="com.james.training.ParallelTesting.ParallelTest" time="166.975" errors="0" timestamp="24 Jan 2020 16:29:36 GMT" skipped="0">
  <testcase classname="com.james.training.ParallelTesting.ParallelTest" name="loginTestDBData" time="37.379"/>
  <testcase classname="com.james.training.ParallelTesting.ParallelTest" name="loginTestDBData" time="34.775"/>
  <testcase classname="com.james.training.ParallelTesting.ParallelTest" name="loginTestDBData" time="48.158"/>
  <testcase classname="com.james.training.ParallelTesting.ParallelTest" name="loginTestDBData" time="46.663"/>
</testsuite> <!-- com.james.training.ParallelTesting.ParallelTest -->
