<?xml version="1.0" encoding="UTF-8"?>
<!-- Generated by org.testng.reporters.JUnitReportReporter -->
<testsuite hostname="DUBN34630627A" failures="0" tests="2" name="com.james.training.ParallelTesting.ParallelTest" time="97.391" errors="0" timestamp="24 Jan 2020 21:54:39 GMT" skipped="0">
  <testcase classname="com.james.training.ParallelTesting.ParallelTest" name="loginTestDBData" time="49.249"/>
  <testcase classname="com.james.training.ParallelTesting.ParallelTest" name="loginTestDBData" time="48.142"/>
</testsuite> <!-- com.james.training.ParallelTesting.ParallelTest -->
