<?xml version="1.0" encoding="UTF-8"?>
<!-- Generated by org.testng.reporters.JUnitReportReporter -->
<testsuite skipped="0" hostname="DUBN34630627A" name="com.james.training.selenium_project.RestAPITest" tests="2" failures="0" timestamp="25 Nov 2019 19:01:27 GMT" time="0.005" errors="0">
  <testcase name="openBrowser" time="0.005" classname="com.james.training.selenium_project.RestAPITest"/>
  <testcase name="openBrowser2" time="0.000" classname="com.james.training.selenium_project.RestAPITest"/>
</testsuite> <!-- com.james.training.selenium_project.RestAPITest -->
